\BOOKMARK [1][-]{section.1}{Introduction}{}% 1
\BOOKMARK [1][-]{section.2}{Deep learning algorithm}{}% 2
\BOOKMARK [2][-]{subsection.2.1}{The problem}{section.2}% 3
\BOOKMARK [2][-]{subsection.2.2}{Deep learning the parameters to observable map}{section.2}% 4
\BOOKMARK [3][-]{subsubsection.2.2.1}{Training set.}{subsection.2.2}% 5
\BOOKMARK [3][-]{subsubsection.2.2.2}{Neural network.}{subsection.2.2}% 6
\BOOKMARK [3][-]{subsubsection.2.2.3}{Loss functions and optimization.}{subsection.2.2}% 7
\BOOKMARK [2][-]{subsection.2.3}{Theory}{section.2}% 8
\BOOKMARK [3][-]{subsubsection.2.3.1}{Approximation with deep neural networks.}{subsection.2.3}% 9
\BOOKMARK [3][-]{subsubsection.2.3.2}{Regularity of the parameters to observable map \(2.3\)}{subsection.2.3}% 10
\BOOKMARK [3][-]{subsubsection.2.3.3}{Trained networks and generalization error}{subsection.2.3}% 11
\BOOKMARK [3][-]{subsubsection.2.3.4}{An illustrative numerical experiment.}{subsection.2.3}% 12
\BOOKMARK [3][-]{subsubsection.2.3.5}{Pragmatic choice of network size}{subsection.2.3}% 13
\BOOKMARK [2][-]{subsection.2.4}{Hyperparameters and Ensemble training.}{section.2}% 14
\BOOKMARK [1][-]{section.3}{Uncertainty quantification in CFD with deep learning.}{}% 15
\BOOKMARK [2][-]{subsection.3.1}{Quasi-Monte Carlo \(QMC\) methods}{section.3}% 16
\BOOKMARK [3][-]{subsubsection.3.1.1}{Baseline QMC algorithm.}{subsection.3.1}% 17
\BOOKMARK [3][-]{subsubsection.3.1.2}{Deep learning quasi-Monte Carlo \(DLQMC\)}{subsection.3.1}% 18
\BOOKMARK [1][-]{section.4}{Implementation of ensemble training}{}% 19
\BOOKMARK [2][-]{subsection.4.1}{Code}{section.4}% 20
\BOOKMARK [1][-]{section.5}{Numerical results}{}% 21
\BOOKMARK [2][-]{subsection.5.1}{Flow past an airfoil}{section.5}% 22
\BOOKMARK [3][-]{subsubsection.5.1.1}{Problem description.}{subsection.5.1}% 23
\BOOKMARK [3][-]{subsubsection.5.1.2}{Generation of training data.}{subsection.5.1}% 24
\BOOKMARK [3][-]{subsubsection.5.1.3}{Results of the Ensemble training procedure.}{subsection.5.1}% 25
\BOOKMARK [3][-]{subsubsection.5.1.4}{Network sensitivity to hyperparameters.}{subsection.5.1}% 26
\BOOKMARK [3][-]{subsubsection.5.1.5}{Network performance with respect to number of training samples.}{subsection.5.1}% 27
\BOOKMARK [3][-]{subsubsection.5.1.6}{UQ with deep learning}{subsection.5.1}% 28
\BOOKMARK [3][-]{subsubsection.5.1.7}{Comparison with Monte Carlo algorithms}{subsection.5.1}% 29
\BOOKMARK [3][-]{subsubsection.5.1.8}{Choice of training set.}{subsection.5.1}% 30
\BOOKMARK [2][-]{subsection.5.2}{A stochastic shock tube problem}{section.5}% 31
\BOOKMARK [3][-]{subsubsection.5.2.1}{Problem description}{subsection.5.2}% 32
\BOOKMARK [3][-]{subsubsection.5.2.2}{Generation of training data.}{subsection.5.2}% 33
\BOOKMARK [3][-]{subsubsection.5.2.3}{Results.}{subsection.5.2}% 34
\BOOKMARK [1][-]{section.6}{Discussion}{}% 35
